<?xml version="1.0" encoding="UTF-8"?>
<testsuite xmlns:xsi="http://www.w3.org/2001/XMLSchema-instance" xsi:noNamespaceSchemaLocation="https://maven.apache.org/surefire/maven-surefire-plugin/xsd/surefire-test-report.xsd" name="TestSuite" time="43.222" tests="2" errors="0" skipped="1" failures="1">
  <properties>
[...]
</properties>
  <testcase name="checkOrder" classname="selenium.grid.app.tests.OrderTest" time="37.817">
    <failure message="The following asserts failed:&#10;	Incorrect name of product in the basket:  expected [PRINTED DRESS] but found [],&#10;	Incorrect order confirmation message:  expected [ВАШ ЗАКАЗ ПОДТВЕРЖДЁН] but found [ВАШ ЗАКАЗ ПОДТВЕРЖДЁН],&#10;	Incorrect product quantity in the order details:  expected [1] but found [1],&#10;	Incorrect product quantity on the product&apos;s page:  expected [0] but found [-1]" type="java.lang.AssertionError">java.lang.AssertionError: 
The following asserts failed:
	Incorrect name of product in the basket:  expected [PRINTED DRESS] but found [],
	Incorrect order confirmation message:  expected [ВАШ ЗАКАЗ ПОДТВЕРЖДЁН] but found [ВАШ ЗАКАЗ ПОДТВЕРЖДЁН],
	Incorrect product quantity in the order details:  expected [1] but found [1],
	Incorrect product quantity on the product's page:  expected [0] but found [-1]
	at selenium.grid.app.tests.OrderTest.checkOrder(OrderTest.java:193)
</failure>
    <system-err><![CDATA[Starting ChromeDriver 2.32.498550 (9dec58e66c31bcc53a9ce3c7226f0c1c5810906a) on port 35213
Only local connections are allowed.
окт 19, 2017 12:07:00 AM org.openqa.selenium.remote.ProtocolHandshake createSession
INFO: Detected dialect: OSS
]]></system-err>
  </testcase>
  <testcase name="checkVersion" classname="selenium.grid.app.tests.OrderTest" time="0">
    <skipped message="&#10;Method checkVersion requires 1 parameters but 0 were supplied in the @Test annotation."/>
  </testcase>
</testsuite>