-------------------------------------------------------------------------------
Test set: TestSuite
-------------------------------------------------------------------------------
Tests run: 2, Failures: 1, Errors: 0, Skipped: 1, Time elapsed: 13.361 s <<< FAILURE! - in TestSuite
checkOrder(selenium.grid.app.tests.OrderTest)  Time elapsed: 8.67 s  <<< FAILURE!
java.lang.NullPointerException
	at selenium.grid.app.tests.OrderTest.smallScroll(OrderTest.java:250)
	at selenium.grid.app.tests.OrderTest.checkOrder(OrderTest.java:78)

